<?xml version="1.0" encoding="UTF-8"?>
<testng-results ignored="0" total="1" passed="1" failed="0" skipped="0">
  <reporter-output>
  </reporter-output>
  <suite started-at="2024-05-31T23:08:22 IST" name="Default suite" finished-at="2024-05-31T23:09:27 IST" duration-ms="65419">
    <groups>
    </groups>
    <test started-at="2024-05-31T23:08:22 IST" name="Default test" finished-at="2024-05-31T23:09:27 IST" duration-ms="65419">
      <class name="com.tests.LoginPageTest">
        <test-method is-config="true" signature="setup()[pri:0, instance:com.tests.LoginPageTest@175c2241]" started-at="2024-05-31T23:08:22 IST" name="setup" finished-at="2024-05-31T23:08:55 IST" duration-ms="33715" status="PASS">
          <reporter-output>
          </reporter-output>
        </test-method> <!-- setup -->
        <test-method signature="pageUrl()[pri:0, instance:com.tests.LoginPageTest@175c2241]" started-at="2024-05-31T23:08:55 IST" name="pageUrl" finished-at="2024-05-31T23:09:26 IST" duration-ms="30981" status="PASS">
          <reporter-output>
          </reporter-output>
        </test-method> <!-- pageUrl -->
        <test-method is-config="true" signature="teardown()[pri:0, instance:com.tests.LoginPageTest@175c2241]" started-at="2024-05-31T23:09:26 IST" name="teardown" finished-at="2024-05-31T23:09:27 IST" duration-ms="630" status="PASS">
          <reporter-output>
          </reporter-output>
        </test-method> <!-- teardown -->
      </class> <!-- com.tests.LoginPageTest -->
    </test> <!-- Default test -->
  </suite> <!-- Default suite -->
</testng-results>
